<?xml version="1.0" encoding="UTF-8"?>
<!-- Generated by org.testng.reporters.JUnitReportReporter -->
<testsuite hostname="DESKTOP-2HB8R9D" failures="0" tests="3" name="loginTests.LoginTest" time="7.699" errors="0" timestamp="2023-01-04T12:55:40 CET" skipped="0">
  <testcase classname="loginTests.LoginTest" name="login" time="3.997"/>
  <system-out/>
  <testcase classname="loginTests.LoginTest" name="login" time="1.970"/>
  <system-out/>
  <testcase classname="loginTests.LoginTest" name="login" time="1.732"/>
  <system-out/>
</testsuite> <!-- loginTests.LoginTest -->
