<?xml version="1.0" encoding="UTF-8"?>
<!-- Generated by org.testng.reporters.JUnitReportReporter -->
<testsuite hostname="DESKTOP-2HB8R9D" failures="0" tests="3" name="testsWithLoggedInUser.LogoutTest" time="9.619" errors="0" timestamp="2023-01-04T12:55:40 CET" skipped="0">
  <testcase classname="testsWithLoggedInUser.LogoutTest" name="logoutTest" time="2.648"/>
  <system-out/>
  <testcase classname="testsWithLoggedInUser.LogoutTest" name="logoutTest" time="4.516"/>
  <system-out/>
  <testcase classname="testsWithLoggedInUser.LogoutTest" name="logoutTest" time="2.455"/>
  <system-out/>
</testsuite> <!-- testsWithLoggedInUser.LogoutTest -->
