<?xml version="1.0" encoding="UTF-8"?>
<!-- Generated by org.testng.reporters.JUnitReportReporter -->
<testsuite hostname="DESKTOP-2HB8R9D" failures="0" tests="3" name="testsWithLoggedInUser.AddRandomItemToCart" time="8.095" errors="0" timestamp="2023-01-04T12:55:40 CET" skipped="0">
  <testcase classname="testsWithLoggedInUser.AddRandomItemToCart" name="addRandomItemToCart" time="4.313"/>
  <system-out/>
  <testcase classname="testsWithLoggedInUser.AddRandomItemToCart" name="addRandomItemToCart" time="1.755"/>
  <system-out/>
  <testcase classname="testsWithLoggedInUser.AddRandomItemToCart" name="addRandomItemToCart" time="2.027"/>
  <system-out/>
</testsuite> <!-- testsWithLoggedInUser.AddRandomItemToCart -->
