<?xml version="1.0" encoding="UTF-8"?>
<!-- Generated by org.testng.reporters.JUnitReportReporter -->
<testsuite hostname="DESKTOP-2HB8R9D" failures="0" tests="1" name="testsWithLoggedInUser.AddMinMaxCostToCart" time="3.772" errors="0" timestamp="2023-01-05T13:00:40 CET" skipped="0">
  <testcase classname="testsWithLoggedInUser.AddMinMaxCostToCart" name="addMinMaxToCart" time="3.772"/>
  <system-out/>
</testsuite> <!-- testsWithLoggedInUser.AddMinMaxCostToCart -->
