<?xml version="1.0" encoding="UTF-8"?>
<!-- Generated by org.testng.reporters.JUnitReportReporter -->
<testsuite hostname="DESKTOP-2HB8R9D" failures="0" tests="3" name="testsWithLoggedInUser.RemoveFromCartTest" time="9.253" errors="0" timestamp="2023-01-04T12:55:40 CET" skipped="0">
  <testcase classname="testsWithLoggedInUser.RemoveFromCartTest" name="addToCartTest" time="1.994"/>
  <system-out/>
  <testcase classname="testsWithLoggedInUser.RemoveFromCartTest" name="addToCartTest" time="5.042"/>
  <system-out/>
  <testcase classname="testsWithLoggedInUser.RemoveFromCartTest" name="addToCartTest" time="2.217"/>
  <system-out/>
</testsuite> <!-- testsWithLoggedInUser.RemoveFromCartTest -->
