<?xml version="1.0" encoding="UTF-8"?>
<!-- Generated by org.testng.reporters.JUnitReportReporter -->
<testsuite hostname="DESKTOP-2HB8R9D" failures="0" tests="18" name="loginTests.FailedLoginTest" time="45.731" errors="0" timestamp="2023-01-04T12:55:40 CET" skipped="0">
  <testcase classname="loginTests.FailedLoginTest" name="failedLogin" time="1.638"/>
  <system-out/>
  <testcase classname="loginTests.FailedLoginTest" name="failedLogin" time="1.648"/>
  <system-out/>
  <testcase classname="loginTests.FailedLoginTest" name="failedLogin" time="1.727"/>
  <system-out/>
  <testcase classname="loginTests.FailedLoginTest" name="failedLogin" time="3.977"/>
  <system-out/>
  <testcase classname="loginTests.FailedLoginTest" name="failedLogin" time="1.662"/>
  <system-out/>
  <testcase classname="loginTests.FailedLoginTest" name="failedLogin" time="1.832"/>
  <system-out/>
  <testcase classname="loginTests.FailedLoginTest" name="failedLogin" time="2.256"/>
  <system-out/>
  <testcase classname="loginTests.FailedLoginTest" name="failedLogin" time="3.955"/>
  <system-out/>
  <testcase classname="loginTests.FailedLoginTest" name="failedLogin" time="1.657"/>
  <system-out/>
  <testcase classname="loginTests.FailedLoginTest" name="failedLogin" time="3.904"/>
  <system-out/>
  <testcase classname="loginTests.FailedLoginTest" name="failedLogin" time="2.707"/>
  <system-out/>
  <testcase classname="loginTests.FailedLoginTest" name="failedLogin" time="1.642"/>
  <system-out/>
  <testcase classname="loginTests.FailedLoginTest" name="failedLogin" time="1.686"/>
  <system-out/>
  <testcase classname="loginTests.FailedLoginTest" name="failedLogin" time="1.564"/>
  <system-out/>
  <testcase classname="loginTests.FailedLoginTest" name="failedLogin" time="4.070"/>
  <system-out/>
  <testcase classname="loginTests.FailedLoginTest" name="failedLogin" time="3.932"/>
  <system-out/>
  <testcase classname="loginTests.FailedLoginTest" name="failedLogin" time="4.225"/>
  <system-out/>
  <testcase classname="loginTests.FailedLoginTest" name="failedLogin" time="1.649"/>
  <system-out/>
</testsuite> <!-- loginTests.FailedLoginTest -->
