<?xml version="1.0" encoding="UTF-8"?>
<!-- Generated by org.testng.reporters.JUnitReportReporter -->
<testsuite hostname="DESKTOP-2HB8R9D" failures="0" tests="3" name="testsWithLoggedInUser.AddToCartTest" time="8.610" errors="0" timestamp="2023-01-04T12:55:40 CET" skipped="0">
  <testcase classname="testsWithLoggedInUser.AddToCartTest" name="addToCartTest" time="4.607"/>
  <system-out/>
  <testcase classname="testsWithLoggedInUser.AddToCartTest" name="addToCartTest" time="1.862"/>
  <system-out/>
  <testcase classname="testsWithLoggedInUser.AddToCartTest" name="addToCartTest" time="2.141"/>
  <system-out/>
</testsuite> <!-- testsWithLoggedInUser.AddToCartTest -->
