<?xml version="1.0" encoding="UTF-8"?>
<!-- Generated by org.testng.reporters.JUnitReportReporter -->
<testsuite hostname="DESKTOP-2HB8R9D" failures="0" tests="1" name="testsWithLoggedInUser.AddToCartTest" time="2.340" errors="0" timestamp="2023-01-05T12:42:25 CET" skipped="0">
  <testcase classname="testsWithLoggedInUser.AddToCartTest" name="addToCartTest" time="2.340"/>
  <system-out/>
</testsuite> <!-- testsWithLoggedInUser.AddToCartTest -->
