<?xml version="1.0" encoding="UTF-8"?>
<!-- Generated by org.testng.reporters.JUnitReportReporter -->
<testsuite hostname="DESKTOP-2HB8R9D" failures="0" tests="3" name="testsWithLoggedInUser.AddMinMaxCostToCart" time="9.369" errors="0" timestamp="2023-01-04T12:55:40 CET" skipped="0">
  <testcase classname="testsWithLoggedInUser.AddMinMaxCostToCart" name="addMinMaxToCart" time="2.291"/>
  <system-out/>
  <testcase classname="testsWithLoggedInUser.AddMinMaxCostToCart" name="addMinMaxToCart" time="4.687"/>
  <system-out/>
  <testcase classname="testsWithLoggedInUser.AddMinMaxCostToCart" name="addMinMaxToCart" time="2.391"/>
  <system-out/>
</testsuite> <!-- testsWithLoggedInUser.AddMinMaxCostToCart -->
