<?xml version="1.0" encoding="UTF-8"?>
<!-- Generated by org.testng.reporters.JUnitReportReporter -->
<testsuite hostname="DESKTOP-2HB8R9D" failures="0" tests="6" name="loginTests.FailedLoginTest" time="13.221" errors="0" timestamp="2023-01-05T12:42:25 CET" skipped="0">
  <testcase classname="loginTests.FailedLoginTest" name="failedLogin" time="4.228"/>
  <system-out/>
  <testcase classname="loginTests.FailedLoginTest" name="failedLogin" time="1.782"/>
  <system-out/>
  <testcase classname="loginTests.FailedLoginTest" name="failedLogin" time="1.732"/>
  <system-out/>
  <testcase classname="loginTests.FailedLoginTest" name="failedLogin" time="1.815"/>
  <system-out/>
  <testcase classname="loginTests.FailedLoginTest" name="failedLogin" time="1.878"/>
  <system-out/>
  <testcase classname="loginTests.FailedLoginTest" name="failedLogin" time="1.786"/>
  <system-out/>
</testsuite> <!-- loginTests.FailedLoginTest -->
